[1.266s] Invoking command in '/home/intel/sesac/d021rs-yolov5-ros2-Che-Serene/ros2_ws/build/bringup': DEBUGINFOD_URLS=https://debuginfod.ubuntu.com PYTHONPATH=/home/intel/sesac/d021rs-yolov5-ros2-Che-Serene/ros2_ws/build/bringup/prefix_override:/home/intel/sesac/d021rs-yolov5-ros2-Che-Serene/.venv/lib/python3.12/site-packages/colcon_core/task/python/colcon_distutils_commands:/home/intel/sesac/d021rs-yolov5-ros2-Che-Serene/ros2_ws/install/bringup/lib/python3.12/site-packages:${PYTHONPATH} VIRTUAL_ENV_PROMPT=(.venv) /home/intel/sesac/d021rs-yolov5-ros2-Che-Serene/.venv/bin/python3 -W ignore:setup.py install is deprecated -W ignore:easy_install command is deprecated setup.py develop --editable --build-directory /home/intel/sesac/d021rs-yolov5-ros2-Che-Serene/ros2_ws/build/bringup/build --no-deps symlink_data
[1.371s] /home/intel/sesac/d021rs-yolov5-ros2-Che-Serene/.venv/lib/python3.12/site-packages/setuptools/_distutils/dist.py:289: UserWarning: Unknown distribution option: 'tests_require'
[1.371s]   warnings.warn(msg)
[1.440s] running develop
[1.521s] running egg_info
[1.533s] creating bringup.egg-info
[1.533s] writing bringup.egg-info/PKG-INFO
[1.537s] writing dependency_links to bringup.egg-info/dependency_links.txt
[1.538s] writing entry points to bringup.egg-info/entry_points.txt
[1.538s] writing requirements to bringup.egg-info/requires.txt
[1.538s] writing top-level names to bringup.egg-info/top_level.txt
[1.538s] writing manifest file 'bringup.egg-info/SOURCES.txt'
[1.551s] reading manifest file 'bringup.egg-info/SOURCES.txt'
[1.551s] writing manifest file 'bringup.egg-info/SOURCES.txt'
[1.560s] running build_ext
[1.560s] Creating /home/intel/sesac/d021rs-yolov5-ros2-Che-Serene/ros2_ws/install/bringup/lib/python3.12/site-packages/bringup.egg-link (link to .)
[1.561s] Installing startup_check script to /home/intel/sesac/d021rs-yolov5-ros2-Che-Serene/ros2_ws/install/bringup/lib/bringup
[1.561s] 
[1.561s] Installed /home/intel/sesac/d021rs-yolov5-ros2-Che-Serene/ros2_ws/build/bringup
[1.561s] running symlink_data
[1.561s] creating /home/intel/sesac/d021rs-yolov5-ros2-Che-Serene/ros2_ws/install/bringup/share/ament_index/resource_index/packages
[1.561s] symbolically linking /home/intel/sesac/d021rs-yolov5-ros2-Che-Serene/ros2_ws/build/bringup/resource/bringup -> /home/intel/sesac/d021rs-yolov5-ros2-Che-Serene/ros2_ws/install/bringup/share/ament_index/resource_index/packages
[1.562s] symbolically linking /home/intel/sesac/d021rs-yolov5-ros2-Che-Serene/ros2_ws/build/bringup/package.xml -> /home/intel/sesac/d021rs-yolov5-ros2-Che-Serene/ros2_ws/install/bringup/share/bringup
[1.563s] creating /home/intel/sesac/d021rs-yolov5-ros2-Che-Serene/ros2_ws/install/bringup/share/bringup/launch
[1.563s] symbolically linking /home/intel/sesac/d021rs-yolov5-ros2-Che-Serene/ros2_ws/build/bringup/launch/bringup.launch.py -> /home/intel/sesac/d021rs-yolov5-ros2-Che-Serene/ros2_ws/install/bringup/share/bringup/launch
[1.692s] Invoked command in '/home/intel/sesac/d021rs-yolov5-ros2-Che-Serene/ros2_ws/build/bringup' returned '0': DEBUGINFOD_URLS=https://debuginfod.ubuntu.com PYTHONPATH=/home/intel/sesac/d021rs-yolov5-ros2-Che-Serene/ros2_ws/build/bringup/prefix_override:/home/intel/sesac/d021rs-yolov5-ros2-Che-Serene/.venv/lib/python3.12/site-packages/colcon_core/task/python/colcon_distutils_commands:/home/intel/sesac/d021rs-yolov5-ros2-Che-Serene/ros2_ws/install/bringup/lib/python3.12/site-packages:${PYTHONPATH} VIRTUAL_ENV_PROMPT=(.venv) /home/intel/sesac/d021rs-yolov5-ros2-Che-Serene/.venv/bin/python3 -W ignore:setup.py install is deprecated -W ignore:easy_install command is deprecated setup.py develop --editable --build-directory /home/intel/sesac/d021rs-yolov5-ros2-Che-Serene/ros2_ws/build/bringup/build --no-deps symlink_data
