[0.575s] Invoking command in '/home/intel/sesac/d021rs-yolov5-ros2-Che-Serene/ros2_ws/build/slam': DEBUGINFOD_URLS=https://debuginfod.ubuntu.com PYTHONPATH=/home/intel/sesac/d021rs-yolov5-ros2-Che-Serene/ros2_ws/build/slam/prefix_override:/home/intel/sesac/d021rs-yolov5-ros2-Che-Serene/.venv/lib/python3.12/site-packages/colcon_core/task/python/colcon_distutils_commands:/home/intel/sesac/d021rs-yolov5-ros2-Che-Serene/ros2_ws/install/slam/lib/python3.12/site-packages:${PYTHONPATH} VIRTUAL_ENV_PROMPT=(.venv) /home/intel/sesac/d021rs-yolov5-ros2-Che-Serene/.venv/bin/python3 -W ignore:setup.py install is deprecated -W ignore:easy_install command is deprecated setup.py develop --editable --build-directory /home/intel/sesac/d021rs-yolov5-ros2-Che-Serene/ros2_ws/build/slam/build --no-deps symlink_data
[0.655s] /home/intel/sesac/d021rs-yolov5-ros2-Che-Serene/.venv/lib/python3.12/site-packages/setuptools/_distutils/dist.py:289: UserWarning: Unknown distribution option: 'tests_require'
[0.655s]   warnings.warn(msg)
[0.709s] running develop
[0.773s] running egg_info
[0.781s] creating slam.egg-info
[0.781s] writing slam.egg-info/PKG-INFO
[0.781s] writing dependency_links to slam.egg-info/dependency_links.txt
[0.781s] writing entry points to slam.egg-info/entry_points.txt
[0.781s] writing requirements to slam.egg-info/requires.txt
[0.781s] writing top-level names to slam.egg-info/top_level.txt
[0.781s] writing manifest file 'slam.egg-info/SOURCES.txt'
[0.796s] reading manifest file 'slam.egg-info/SOURCES.txt'
[0.797s] writing manifest file 'slam.egg-info/SOURCES.txt'
[0.805s] running build_ext
[0.805s] Creating /home/intel/sesac/d021rs-yolov5-ros2-Che-Serene/ros2_ws/install/slam/lib/python3.12/site-packages/slam.egg-link (link to .)
[0.806s] Installing map_save script to /home/intel/sesac/d021rs-yolov5-ros2-Che-Serene/ros2_ws/install/slam/lib/slam
[0.806s] 
[0.806s] Installed /home/intel/sesac/d021rs-yolov5-ros2-Che-Serene/ros2_ws/build/slam
[0.806s] running symlink_data
[0.806s] creating /home/intel/sesac/d021rs-yolov5-ros2-Che-Serene/ros2_ws/install/slam/share/ament_index/resource_index/packages
[0.806s] symbolically linking /home/intel/sesac/d021rs-yolov5-ros2-Che-Serene/ros2_ws/build/slam/resource/slam -> /home/intel/sesac/d021rs-yolov5-ros2-Che-Serene/ros2_ws/install/slam/share/ament_index/resource_index/packages
[0.806s] symbolically linking /home/intel/sesac/d021rs-yolov5-ros2-Che-Serene/ros2_ws/build/slam/package.xml -> /home/intel/sesac/d021rs-yolov5-ros2-Che-Serene/ros2_ws/install/slam/share/slam
[0.806s] creating /home/intel/sesac/d021rs-yolov5-ros2-Che-Serene/ros2_ws/install/slam/share/slam/launch
[0.806s] symbolically linking /home/intel/sesac/d021rs-yolov5-ros2-Che-Serene/ros2_ws/build/slam/launch/rtabmap_slam.launch.py -> /home/intel/sesac/d021rs-yolov5-ros2-Che-Serene/ros2_ws/install/slam/share/slam/launch
[0.806s] symbolically linking /home/intel/sesac/d021rs-yolov5-ros2-Che-Serene/ros2_ws/build/slam/launch/rtabmap_slam0.launch.py -> /home/intel/sesac/d021rs-yolov5-ros2-Che-Serene/ros2_ws/install/slam/share/slam/launch
[0.806s] symbolically linking /home/intel/sesac/d021rs-yolov5-ros2-Che-Serene/ros2_ws/build/slam/launch/rviz_rtabmap.launch.py -> /home/intel/sesac/d021rs-yolov5-ros2-Che-Serene/ros2_ws/install/slam/share/slam/launch
[0.807s] symbolically linking /home/intel/sesac/d021rs-yolov5-ros2-Che-Serene/ros2_ws/build/slam/launch/slam.launch.py -> /home/intel/sesac/d021rs-yolov5-ros2-Che-Serene/ros2_ws/install/slam/share/slam/launch
[0.807s] symbolically linking /home/intel/sesac/d021rs-yolov5-ros2-Che-Serene/ros2_ws/build/slam/launch/rviz_slam.launch.py -> /home/intel/sesac/d021rs-yolov5-ros2-Che-Serene/ros2_ws/install/slam/share/slam/launch
[0.807s] creating /home/intel/sesac/d021rs-yolov5-ros2-Che-Serene/ros2_ws/install/slam/share/slam/launch/include
[0.807s] symbolically linking /home/intel/sesac/d021rs-yolov5-ros2-Che-Serene/ros2_ws/build/slam/launch/include/slam_base.launch.py -> /home/intel/sesac/d021rs-yolov5-ros2-Che-Serene/ros2_ws/install/slam/share/slam/launch/include
[0.807s] symbolically linking /home/intel/sesac/d021rs-yolov5-ros2-Che-Serene/ros2_ws/build/slam/launch/include/rtabmap.launch.py -> /home/intel/sesac/d021rs-yolov5-ros2-Che-Serene/ros2_ws/install/slam/share/slam/launch/include
[0.807s] symbolically linking /home/intel/sesac/d021rs-yolov5-ros2-Che-Serene/ros2_ws/build/slam/launch/include/robot.launch.py -> /home/intel/sesac/d021rs-yolov5-ros2-Che-Serene/ros2_ws/install/slam/share/slam/launch/include
[0.807s] creating /home/intel/sesac/d021rs-yolov5-ros2-Che-Serene/ros2_ws/install/slam/share/slam/config
[0.807s] symbolically linking /home/intel/sesac/d021rs-yolov5-ros2-Che-Serene/ros2_ws/build/slam/config/slam.yaml -> /home/intel/sesac/d021rs-yolov5-ros2-Che-Serene/ros2_ws/install/slam/share/slam/config
[0.807s] creating /home/intel/sesac/d021rs-yolov5-ros2-Che-Serene/ros2_ws/install/slam/share/slam/rviz
[0.807s] symbolically linking /home/intel/sesac/d021rs-yolov5-ros2-Che-Serene/ros2_ws/build/slam/rviz/rtabmap.rviz -> /home/intel/sesac/d021rs-yolov5-ros2-Che-Serene/ros2_ws/install/slam/share/slam/rviz
[0.807s] symbolically linking /home/intel/sesac/d021rs-yolov5-ros2-Che-Serene/ros2_ws/build/slam/rviz/slam.rviz -> /home/intel/sesac/d021rs-yolov5-ros2-Che-Serene/ros2_ws/install/slam/share/slam/rviz
[0.807s] symbolically linking /home/intel/sesac/d021rs-yolov5-ros2-Che-Serene/ros2_ws/build/slam/rviz/slam_desktop.rviz -> /home/intel/sesac/d021rs-yolov5-ros2-Che-Serene/ros2_ws/install/slam/share/slam/rviz
[0.807s] creating /home/intel/sesac/d021rs-yolov5-ros2-Che-Serene/ros2_ws/install/slam/share/slam/maps
[0.807s] symbolically linking /home/intel/sesac/d021rs-yolov5-ros2-Che-Serene/ros2_ws/build/slam/maps/map_01.pgm -> /home/intel/sesac/d021rs-yolov5-ros2-Che-Serene/ros2_ws/install/slam/share/slam/maps
[0.807s] symbolically linking /home/intel/sesac/d021rs-yolov5-ros2-Che-Serene/ros2_ws/build/slam/maps/map_01.yaml -> /home/intel/sesac/d021rs-yolov5-ros2-Che-Serene/ros2_ws/install/slam/share/slam/maps
[0.830s] Invoked command in '/home/intel/sesac/d021rs-yolov5-ros2-Che-Serene/ros2_ws/build/slam' returned '0': DEBUGINFOD_URLS=https://debuginfod.ubuntu.com PYTHONPATH=/home/intel/sesac/d021rs-yolov5-ros2-Che-Serene/ros2_ws/build/slam/prefix_override:/home/intel/sesac/d021rs-yolov5-ros2-Che-Serene/.venv/lib/python3.12/site-packages/colcon_core/task/python/colcon_distutils_commands:/home/intel/sesac/d021rs-yolov5-ros2-Che-Serene/ros2_ws/install/slam/lib/python3.12/site-packages:${PYTHONPATH} VIRTUAL_ENV_PROMPT=(.venv) /home/intel/sesac/d021rs-yolov5-ros2-Che-Serene/.venv/bin/python3 -W ignore:setup.py install is deprecated -W ignore:easy_install command is deprecated setup.py develop --editable --build-directory /home/intel/sesac/d021rs-yolov5-ros2-Che-Serene/ros2_ws/build/slam/build --no-deps symlink_data
