running develop
running egg_info
creating yolov5_ros2.egg-info
writing yolov5_ros2.egg-info/PKG-INFO
writing dependency_links to yolov5_ros2.egg-info/dependency_links.txt
writing entry points to yolov5_ros2.egg-info/entry_points.txt
writing requirements to yolov5_ros2.egg-info/requires.txt
writing top-level names to yolov5_ros2.egg-info/top_level.txt
writing manifest file 'yolov5_ros2.egg-info/SOURCES.txt'
reading manifest file 'yolov5_ros2.egg-info/SOURCES.txt'
writing manifest file 'yolov5_ros2.egg-info/SOURCES.txt'
running build_ext
Creating /home/intel/sesac/d021rs-yolov5-ros2-Che-Serene/ros2_ws/install/yolov5_ros2/lib/python3.12/site-packages/yolov5-ros2.egg-link (link to .)
Installing yolo_detect script to /home/intel/sesac/d021rs-yolov5-ros2-Che-Serene/ros2_ws/install/yolov5_ros2/lib/yolov5_ros2

Installed /home/intel/sesac/d021rs-yolov5-ros2-Che-Serene/ros2_ws/build/yolov5_ros2
running symlink_data
symbolically linking /home/intel/sesac/d021rs-yolov5-ros2-Che-Serene/ros2_ws/build/yolov5_ros2/package.xml -> /home/intel/sesac/d021rs-yolov5-ros2-Che-Serene/ros2_ws/install/yolov5_ros2/share/yolov5_ros2
creating /home/intel/sesac/d021rs-yolov5-ros2-Che-Serene/ros2_ws/install/yolov5_ros2/share/yolov5_ros2/launch
symbolically linking /home/intel/sesac/d021rs-yolov5-ros2-Che-Serene/ros2_ws/build/yolov5_ros2/launch/yolov5_ros2.launch.py -> /home/intel/sesac/d021rs-yolov5-ros2-Che-Serene/ros2_ws/install/yolov5_ros2/share/yolov5_ros2/launch
creating /home/intel/sesac/d021rs-yolov5-ros2-Che-Serene/ros2_ws/install/yolov5_ros2/share/yolov5_ros2/config
symbolically linking /home/intel/sesac/d021rs-yolov5-ros2-Che-Serene/ros2_ws/build/yolov5_ros2/config/camera_info.yaml -> /home/intel/sesac/d021rs-yolov5-ros2-Che-Serene/ros2_ws/install/yolov5_ros2/share/yolov5_ros2/config
creating /home/intel/sesac/d021rs-yolov5-ros2-Che-Serene/ros2_ws/install/yolov5_ros2/share/yolov5_ros2/resource
symbolically linking /home/intel/sesac/d021rs-yolov5-ros2-Che-Serene/ros2_ws/build/yolov5_ros2/resource/mouse.png -> /home/intel/sesac/d021rs-yolov5-ros2-Che-Serene/ros2_ws/install/yolov5_ros2/share/yolov5_ros2/resource
symbolically linking /home/intel/sesac/d021rs-yolov5-ros2-Che-Serene/ros2_ws/build/yolov5_ros2/resource/fish.jpg -> /home/intel/sesac/d021rs-yolov5-ros2-Che-Serene/ros2_ws/install/yolov5_ros2/share/yolov5_ros2/resource
symbolically linking /home/intel/sesac/d021rs-yolov5-ros2-Che-Serene/ros2_ws/build/yolov5_ros2/resource/yolov5_ros2 -> /home/intel/sesac/d021rs-yolov5-ros2-Che-Serene/ros2_ws/install/yolov5_ros2/share/yolov5_ros2/resource
