[1.284s] Invoking command in '/home/intel/sesac/d021rs-yolov5-ros2-Che-Serene/ros2_ws/build/controller': DEBUGINFOD_URLS=https://debuginfod.ubuntu.com PYTHONPATH=/home/intel/sesac/d021rs-yolov5-ros2-Che-Serene/ros2_ws/build/controller/prefix_override:/home/intel/sesac/d021rs-yolov5-ros2-Che-Serene/.venv/lib/python3.12/site-packages/colcon_core/task/python/colcon_distutils_commands:/home/intel/sesac/d021rs-yolov5-ros2-Che-Serene/ros2_ws/install/controller/lib/python3.12/site-packages:${PYTHONPATH} VIRTUAL_ENV_PROMPT=(.venv) /home/intel/sesac/d021rs-yolov5-ros2-Che-Serene/.venv/bin/python3 -W ignore:setup.py install is deprecated -W ignore:easy_install command is deprecated setup.py develop --editable --build-directory /home/intel/sesac/d021rs-yolov5-ros2-Che-Serene/ros2_ws/build/controller/build --no-deps symlink_data
[1.377s] /home/intel/sesac/d021rs-yolov5-ros2-Che-Serene/.venv/lib/python3.12/site-packages/setuptools/_distutils/dist.py:289: UserWarning: Unknown distribution option: 'tests_require'
[1.377s]   warnings.warn(msg)
[1.436s] running develop
[1.533s] running egg_info
[1.536s] creating controller.egg-info
[1.537s] writing controller.egg-info/PKG-INFO
[1.537s] writing dependency_links to controller.egg-info/dependency_links.txt
[1.537s] writing entry points to controller.egg-info/entry_points.txt
[1.537s] writing requirements to controller.egg-info/requires.txt
[1.537s] writing top-level names to controller.egg-info/top_level.txt
[1.537s] writing manifest file 'controller.egg-info/SOURCES.txt'
[1.554s] reading manifest file 'controller.egg-info/SOURCES.txt'
[1.554s] writing manifest file 'controller.egg-info/SOURCES.txt'
[1.561s] running build_ext
[1.561s] Creating /home/intel/sesac/d021rs-yolov5-ros2-Che-Serene/ros2_ws/install/controller/lib/python3.12/site-packages/controller.egg-link (link to .)
[1.561s] Installing init_pose script to /home/intel/sesac/d021rs-yolov5-ros2-Che-Serene/ros2_ws/install/controller/lib/controller
[1.562s] Installing odom_publisher script to /home/intel/sesac/d021rs-yolov5-ros2-Che-Serene/ros2_ws/install/controller/lib/controller
[1.562s] 
[1.562s] Installed /home/intel/sesac/d021rs-yolov5-ros2-Che-Serene/ros2_ws/build/controller
[1.562s] running symlink_data
[1.562s] creating /home/intel/sesac/d021rs-yolov5-ros2-Che-Serene/ros2_ws/install/controller/share/ament_index/resource_index/packages
[1.562s] symbolically linking /home/intel/sesac/d021rs-yolov5-ros2-Che-Serene/ros2_ws/build/controller/resource/controller -> /home/intel/sesac/d021rs-yolov5-ros2-Che-Serene/ros2_ws/install/controller/share/ament_index/resource_index/packages
[1.562s] symbolically linking /home/intel/sesac/d021rs-yolov5-ros2-Che-Serene/ros2_ws/build/controller/package.xml -> /home/intel/sesac/d021rs-yolov5-ros2-Che-Serene/ros2_ws/install/controller/share/controller
[1.562s] creating /home/intel/sesac/d021rs-yolov5-ros2-Che-Serene/ros2_ws/install/controller/share/controller/launch
[1.562s] symbolically linking /home/intel/sesac/d021rs-yolov5-ros2-Che-Serene/ros2_ws/build/controller/launch/controller.launch.py -> /home/intel/sesac/d021rs-yolov5-ros2-Che-Serene/ros2_ws/install/controller/share/controller/launch
[1.563s] symbolically linking /home/intel/sesac/d021rs-yolov5-ros2-Che-Serene/ros2_ws/build/controller/launch/rf2o_laser_odometry.launch.py -> /home/intel/sesac/d021rs-yolov5-ros2-Che-Serene/ros2_ws/install/controller/share/controller/launch
[1.563s] symbolically linking /home/intel/sesac/d021rs-yolov5-ros2-Che-Serene/ros2_ws/build/controller/launch/odom_publisher.launch.py -> /home/intel/sesac/d021rs-yolov5-ros2-Che-Serene/ros2_ws/install/controller/share/controller/launch
[1.563s] symbolically linking /home/intel/sesac/d021rs-yolov5-ros2-Che-Serene/ros2_ws/build/controller/launch/init_pose.launch.py -> /home/intel/sesac/d021rs-yolov5-ros2-Che-Serene/ros2_ws/install/controller/share/controller/launch
[1.563s] creating /home/intel/sesac/d021rs-yolov5-ros2-Che-Serene/ros2_ws/install/controller/share/controller/config
[1.563s] symbolically linking /home/intel/sesac/d021rs-yolov5-ros2-Che-Serene/ros2_ws/build/controller/config/init_pose.yaml -> /home/intel/sesac/d021rs-yolov5-ros2-Che-Serene/ros2_ws/install/controller/share/controller/config
[1.563s] symbolically linking /home/intel/sesac/d021rs-yolov5-ros2-Che-Serene/ros2_ws/build/controller/config/ekf.yaml -> /home/intel/sesac/d021rs-yolov5-ros2-Che-Serene/ros2_ws/install/controller/share/controller/config
[1.563s] symbolically linking /home/intel/sesac/d021rs-yolov5-ros2-Che-Serene/ros2_ws/build/controller/config/calibrate_params.yaml -> /home/intel/sesac/d021rs-yolov5-ros2-Che-Serene/ros2_ws/install/controller/share/controller/config
[1.707s] Invoked command in '/home/intel/sesac/d021rs-yolov5-ros2-Che-Serene/ros2_ws/build/controller' returned '0': DEBUGINFOD_URLS=https://debuginfod.ubuntu.com PYTHONPATH=/home/intel/sesac/d021rs-yolov5-ros2-Che-Serene/ros2_ws/build/controller/prefix_override:/home/intel/sesac/d021rs-yolov5-ros2-Che-Serene/.venv/lib/python3.12/site-packages/colcon_core/task/python/colcon_distutils_commands:/home/intel/sesac/d021rs-yolov5-ros2-Che-Serene/ros2_ws/install/controller/lib/python3.12/site-packages:${PYTHONPATH} VIRTUAL_ENV_PROMPT=(.venv) /home/intel/sesac/d021rs-yolov5-ros2-Che-Serene/.venv/bin/python3 -W ignore:setup.py install is deprecated -W ignore:easy_install command is deprecated setup.py develop --editable --build-directory /home/intel/sesac/d021rs-yolov5-ros2-Che-Serene/ros2_ws/build/controller/build --no-deps symlink_data
